Build started 23-09-2015 18:01:34.
     1>Project "C:\Users\Vicky\documents\visual studio 2012\Projects\Password\Password\Password.vcxproj" on node 2 (Build target(s)).
     1>ClCompile:
         G:\Microsoft Visual Studio 11.0\VC\bin\CL.exe /c /AI"C:\Program Files (x86)\Reference Assemblies\Microsoft\Framework\.NETFramework\v4.5\\" /AI"C:\Program Files (x86)\Windows Kits\8.0\References\CommonConfiguration\Neutral" /AI"C:\Program Files (x86)\Reference Assemblies\Microsoft\Framework\.NETFramework\v4.5\Facades\\" /Zi /clr /nologo /W3 /WX- /Od /Oy- /D WIN32 /D _DEBUG /D _UNICODE /D UNICODE /EHa /MDd /GS /fp:precise /Zc:wchar_t /Zc:forScope /Fo"Debug\\" /Fd"Debug\vc110.pdb" /TP /FU"C:\Program Files (x86)\Reference Assemblies\Microsoft\Framework\.NETFramework\v4.5\mscorlib.dll" /FUF:\app\client\Vicky\product\12.1.0\client_1\ODP.NET\bin\4\Oracle.DataAccess.dll /FU"C:\Program Files (x86)\Reference Assemblies\Microsoft\Framework\.NETFramework\v4.5\System.Data.dll" /FU"C:\Program Files (x86)\Reference Assemblies\Microsoft\Framework\.NETFramework\v4.5\System.dll" /FU"C:\Program Files (x86)\Reference Assemblies\Microsoft\Framework\.NETFramework\v4.5\System.Drawing.dll" /FU"C:\Program Files (x86)\Reference Assemblies\Microsoft\Framework\.NETFramework\v4.5\System.Windows.Forms.dll" /FU"C:\Program Files (x86)\Reference Assemblies\Microsoft\Framework\.NETFramework\v4.5\System.Xml.dll" /analyze- /errorReport:prompt /clr:nostdlib ClientInterface.cpp ClientMenu.cpp Main.cpp
         ClientInterface.cpp
     1>c:\users\vicky\documents\visual studio 2012\projects\password\password\ClientInterface.h(2): warning C4067: unexpected tokens following preprocessor directive - expected a newline
     1>c:\users\vicky\documents\visual studio 2012\projects\password\password\ClientInterface.h(3): warning C4067: unexpected tokens following preprocessor directive - expected a newline
     1>c:\users\vicky\documents\visual studio 2012\projects\password\password\ClientChangePass.h(133): warning C4101: 'dr' : unreferenced local variable
         ClientMenu.cpp
         Main.cpp
     1>c:\users\vicky\documents\visual studio 2012\projects\password\password\LoginChange.h(83): warning C4305: 'argument' : truncation from 'char' to 'bool'
     1>c:\users\vicky\documents\visual studio 2012\projects\password\password\LoginChange.h(130): warning C4101: 'dr' : unreferenced local variable
     1>c:\users\vicky\documents\visual studio 2012\projects\password\password\ClientInterface.h(2): warning C4067: unexpected tokens following preprocessor directive - expected a newline
     1>c:\users\vicky\documents\visual studio 2012\projects\password\password\ClientInterface.h(3): warning C4067: unexpected tokens following preprocessor directive - expected a newline
     1>c:\users\vicky\documents\visual studio 2012\projects\password\password\ClientChangePass.h(133): warning C4101: 'dr' : unreferenced local variable
     1>Main.cpp(6): warning C4829: Possibly incorrect parameters to function main. Consider 'int main(Platform::Array<Platform::String^>^ argv)'
         Generating Code...
       Link:
         G:\Microsoft Visual Studio 11.0\VC\bin\link.exe /ERRORREPORT:PROMPT /OUT:"C:\Users\Vicky\documents\visual studio 2012\Projects\Password\Debug\Password.exe" /INCREMENTAL /NOLOGO /ASSEMBLYRESOURCE:Debug\Password.addbook.resources /ASSEMBLYRESOURCE:Debug\Password.BorrowedBooksLog.resources /ASSEMBLYRESOURCE:Debug\Password.ClientBorrowBook.resources /ASSEMBLYRESOURCE:Debug\Password.ClientChangePass.resources /ASSEMBLYRESOURCE:Debug\Password.ClientInterface.resources /ASSEMBLYRESOURCE:Debug\Password.ClientMenu.resources /ASSEMBLYRESOURCE:Debug\Password.ClientReturnBook.resources /ASSEMBLYRESOURCE:Debug\Password.DeleteBook.resources /ASSEMBLYRESOURCE:Debug\Password.log.resources /ASSEMBLYRESOURCE:Debug\Password.LoginChange.resources /ASSEMBLYRESOURCE:Debug\Password.Main.resources /ASSEMBLYRESOURCE:Debug\Password.ModifyBooks.resources /ASSEMBLYRESOURCE:Debug\Password.MyForm.resources /ASSEMBLYRESOURCE:Debug\Password.MyForm12.resources /MANIFEST /MANIFESTUAC:"level='asInvoker' uiAccess='false'" /manifest:embed /DEBUG /PDB:"C:\Users\Vicky\documents\visual studio 2012\Projects\Password\Debug\Password.pdb" /ASSEMBLYDEBUG /SUBSYSTEM:WINDOWS /TLBID:1 /ENTRY:"main" /DYNAMICBASE /FIXED:NO /NXCOMPAT /MACHINE:X86 Debug\addbook.obj
         Debug\BorrowedBooksLog.obj
         Debug\ClientBorrowBook.obj
         Debug\ClientChangePass.obj
         Debug\ClientInterface.obj
         Debug\ClientMenu.obj
         Debug\ClientReturnBook.obj
         Debug\DeleteBook.obj
         Debug\log.obj
         Debug\LoginChange.obj
         Debug\Main.obj
         Debug\ModifyBooks.obj
         Debug\ModifyQuan.obj
         Debug\MyForm.obj
         Debug\MyForm12.obj
         "Debug\.NETFramework,Version=v4.5.AssemblyAttributes.obj"
         Password.vcxproj -> C:\Users\Vicky\documents\visual studio 2012\Projects\Password\Debug\Password.exe
     1>Done Building Project "C:\Users\Vicky\documents\visual studio 2012\Projects\Password\Password\Password.vcxproj" (Build target(s)).

Build succeeded.

Time Elapsed 00:00:02.20
