C:\USERS\VICKY\DOCUMENTS\VISUAL STUDIO 2012\PROJECTS\PASSWORD\PASSWORD\DEBUG\.NETFRAMEWORK,VERSION=V4.5.ASSEMBLYATTRIBUTES.OBJ
C:\USERS\VICKY\DOCUMENTS\VISUAL STUDIO 2012\PROJECTS\PASSWORD\PASSWORD\DEBUG\VC110.PDB
C:\USERS\VICKY\DOCUMENTS\VISUAL STUDIO 2012\PROJECTS\PASSWORD\PASSWORD\DEBUG\MYFORM1.OBJ
C:\USERS\VICKY\DOCUMENTS\VISUAL STUDIO 2012\PROJECTS\PASSWORD\PASSWORD\DEBUG\MYFORM12.OBJ
C:\USERS\VICKY\DOCUMENTS\VISUAL STUDIO 2012\PROJECTS\PASSWORD\PASSWORD\DEBUG\MYFORM.OBJ
C:\USERS\VICKY\DOCUMENTS\VISUAL STUDIO 2012\PROJECTS\PASSWORD\DEBUG\PASSWORD.ILK
C:\USERS\VICKY\DOCUMENTS\VISUAL STUDIO 2012\PROJECTS\PASSWORD\DEBUG\PASSWORD.EXE
C:\USERS\VICKY\DOCUMENTS\VISUAL STUDIO 2012\PROJECTS\PASSWORD\DEBUG\PASSWORD.PDB
C:\Users\Vicky\Documents\Visual Studio 2012\Projects\Password\Password\Debug\Password.MyForm.resources
C:\Users\Vicky\Documents\Visual Studio 2012\Projects\Password\Password\Debug\Password.MyForm1.resources
䍞尺獕牥屳楖正屹潄畣敭瑮屳楖畳污匠畴楤⁯〲㈱停潲敪瑣屳慐獳潷摲停獡睳牯層慐獳潷摲瘮硣牰橯਍㩃啜敳獲噜捩祫䑜捯浵湥獴噜獩慵⁬瑓摵潩㈠㄰尲牐橯捥獴停獡睳牯層慐獳潷摲䑜扥杵停獡睳牯⹤祍潆浲爮獥畯捲獥਍䍞尺獕牥屳楖正屹潄畣敭瑮屳楖畳污匠畴楤⁯〲㈱停潲敪瑣屳慐獳潷摲停獡睳牯層慐獳潷摲瘮硣牰橯਍㩃啜敳獲噜捩祫䑜捯浵湥獴噜獩慵⁬瑓摵潩㈠㄰尲牐橯捥獴停獡睳牯層慐獳潷摲䑜扥杵停獡睳牯⹤祍潆浲爮獥畯捲獥਍
C:\Users\Vicky\Documents\Visual Studio 2012\Projects\Password\Password\Debug\Password.vcxproj.GenerateResource.Cache
C:\Users\Vicky\Documents\Visual Studio 2012\Projects\Password\Password\Debug\Password.vcxprojResolveAssemblyReference.cache
C:\Users\Vicky\Documents\Visual Studio 2012\Projects\Password\Password\Debug\.NETFramework,Version=v4.5.AssemblyAttributes.obj
C:\Users\Vicky\Documents\Visual Studio 2012\Projects\Password\Password\Debug\MyForm.obj
C:\Users\Vicky\Documents\Visual Studio 2012\Projects\Password\Password\Debug\MyForm1.obj
C:\Users\Vicky\Documents\Visual Studio 2012\Projects\Password\Password\Debug\MyForm12.obj
C:\Users\Vicky\Documents\Visual Studio 2012\Projects\Password\Password\Debug\cl.command.1.tlog
C:\Users\Vicky\Documents\Visual Studio 2012\Projects\Password\Password\Debug\CL.read.1.tlog
C:\Users\Vicky\Documents\Visual Studio 2012\Projects\Password\Password\Debug\CL.write.1.tlog
C:\Users\Vicky\Documents\Visual Studio 2012\Projects\Password\Password\Debug\link.1128-cvtres.read.1.tlog
C:\Users\Vicky\Documents\Visual Studio 2012\Projects\Password\Password\Debug\link.1128-cvtres.write.1.tlog
C:\Users\Vicky\Documents\Visual Studio 2012\Projects\Password\Password\Debug\link.1128-rc.read.1.tlog
C:\Users\Vicky\Documents\Visual Studio 2012\Projects\Password\Password\Debug\link.1128-rc.write.1.tlog
C:\Users\Vicky\Documents\Visual Studio 2012\Projects\Password\Password\Debug\link.1128.read.1.tlog
C:\Users\Vicky\Documents\Visual Studio 2012\Projects\Password\Password\Debug\link.1128.write.1.tlog
C:\Users\Vicky\Documents\Visual Studio 2012\Projects\Password\Password\Debug\link.1340-cvtres.read.1.tlog
C:\Users\Vicky\Documents\Visual Studio 2012\Projects\Password\Password\Debug\link.1340-cvtres.write.1.tlog
C:\Users\Vicky\Documents\Visual Studio 2012\Projects\Password\Password\Debug\link.1340-rc.read.1.tlog
C:\Users\Vicky\Documents\Visual Studio 2012\Projects\Password\Password\Debug\link.1340-rc.write.1.tlog
C:\Users\Vicky\Documents\Visual Studio 2012\Projects\Password\Password\Debug\link.1340.read.1.tlog
C:\Users\Vicky\Documents\Visual Studio 2012\Projects\Password\Password\Debug\link.1340.write.1.tlog
C:\Users\Vicky\Documents\Visual Studio 2012\Projects\Password\Password\Debug\link.2112-cvtres.read.1.tlog
C:\Users\Vicky\Documents\Visual Studio 2012\Projects\Password\Password\Debug\link.2112-cvtres.write.1.tlog
C:\Users\Vicky\Documents\Visual Studio 2012\Projects\Password\Password\Debug\link.2112-rc.read.1.tlog
C:\Users\Vicky\Documents\Visual Studio 2012\Projects\Password\Password\Debug\link.2112-rc.write.1.tlog
C:\Users\Vicky\Documents\Visual Studio 2012\Projects\Password\Password\Debug\link.2112.read.1.tlog
C:\Users\Vicky\Documents\Visual Studio 2012\Projects\Password\Password\Debug\link.2112.write.1.tlog
C:\Users\Vicky\Documents\Visual Studio 2012\Projects\Password\Password\Debug\link.2596-cvtres.read.1.tlog
C:\Users\Vicky\Documents\Visual Studio 2012\Projects\Password\Password\Debug\link.2596-cvtres.write.1.tlog
C:\Users\Vicky\Documents\Visual Studio 2012\Projects\Password\Password\Debug\link.2596-rc.read.1.tlog
C:\Users\Vicky\Documents\Visual Studio 2012\Projects\Password\Password\Debug\link.2596-rc.write.1.tlog
C:\Users\Vicky\Documents\Visual Studio 2012\Projects\Password\Password\Debug\link.2596.read.1.tlog
C:\Users\Vicky\Documents\Visual Studio 2012\Projects\Password\Password\Debug\link.2596.write.1.tlog
C:\Users\Vicky\Documents\Visual Studio 2012\Projects\Password\Password\Debug\link.3428-cvtres.read.1.tlog
C:\Users\Vicky\Documents\Visual Studio 2012\Projects\Password\Password\Debug\link.3428-cvtres.write.1.tlog
C:\Users\Vicky\Documents\Visual Studio 2012\Projects\Password\Password\Debug\link.3428-rc.read.1.tlog
C:\Users\Vicky\Documents\Visual Studio 2012\Projects\Password\Password\Debug\link.3428-rc.write.1.tlog
C:\Users\Vicky\Documents\Visual Studio 2012\Projects\Password\Password\Debug\link.3428.read.1.tlog
C:\Users\Vicky\Documents\Visual Studio 2012\Projects\Password\Password\Debug\link.3428.write.1.tlog
C:\Users\Vicky\Documents\Visual Studio 2012\Projects\Password\Password\Debug\link.3432-cvtres.read.1.tlog
C:\Users\Vicky\Documents\Visual Studio 2012\Projects\Password\Password\Debug\link.3432-cvtres.write.1.tlog
C:\Users\Vicky\Documents\Visual Studio 2012\Projects\Password\Password\Debug\link.3432-rc.read.1.tlog
C:\Users\Vicky\Documents\Visual Studio 2012\Projects\Password\Password\Debug\link.3432-rc.write.1.tlog
C:\Users\Vicky\Documents\Visual Studio 2012\Projects\Password\Password\Debug\link.3432.read.1.tlog
C:\Users\Vicky\Documents\Visual Studio 2012\Projects\Password\Password\Debug\link.3432.write.1.tlog
C:\Users\Vicky\Documents\Visual Studio 2012\Projects\Password\Password\Debug\link.3988-cvtres.read.1.tlog
C:\Users\Vicky\Documents\Visual Studio 2012\Projects\Password\Password\Debug\link.3988-cvtres.write.1.tlog
C:\Users\Vicky\Documents\Visual Studio 2012\Projects\Password\Password\Debug\link.3988-rc.read.1.tlog
C:\Users\Vicky\Documents\Visual Studio 2012\Projects\Password\Password\Debug\link.3988-rc.write.1.tlog
C:\Users\Vicky\Documents\Visual Studio 2012\Projects\Password\Password\Debug\link.3988.read.1.tlog
C:\Users\Vicky\Documents\Visual Studio 2012\Projects\Password\Password\Debug\link.3988.write.1.tlog
C:\Users\Vicky\Documents\Visual Studio 2012\Projects\Password\Password\Debug\link.4668-cvtres.read.1.tlog
C:\Users\Vicky\Documents\Visual Studio 2012\Projects\Password\Password\Debug\link.4668-cvtres.write.1.tlog
C:\Users\Vicky\Documents\Visual Studio 2012\Projects\Password\Password\Debug\link.4668-rc.read.1.tlog
C:\Users\Vicky\Documents\Visual Studio 2012\Projects\Password\Password\Debug\link.4668-rc.write.1.tlog
C:\Users\Vicky\Documents\Visual Studio 2012\Projects\Password\Password\Debug\link.4668.read.1.tlog
C:\Users\Vicky\Documents\Visual Studio 2012\Projects\Password\Password\Debug\link.4668.write.1.tlog
C:\Users\Vicky\Documents\Visual Studio 2012\Projects\Password\Password\Debug\link.5044-cvtres.read.1.tlog
C:\Users\Vicky\Documents\Visual Studio 2012\Projects\Password\Password\Debug\link.5044-cvtres.write.1.tlog
C:\Users\Vicky\Documents\Visual Studio 2012\Projects\Password\Password\Debug\link.5044-rc.read.1.tlog
C:\Users\Vicky\Documents\Visual Studio 2012\Projects\Password\Password\Debug\link.5044-rc.write.1.tlog
C:\Users\Vicky\Documents\Visual Studio 2012\Projects\Password\Password\Debug\link.5044.read.1.tlog
C:\Users\Vicky\Documents\Visual Studio 2012\Projects\Password\Password\Debug\link.5044.write.1.tlog
C:\Users\Vicky\Documents\Visual Studio 2012\Projects\Password\Password\Debug\link.5148-cvtres.read.1.tlog
C:\Users\Vicky\Documents\Visual Studio 2012\Projects\Password\Password\Debug\link.5148-cvtres.write.1.tlog
C:\Users\Vicky\Documents\Visual Studio 2012\Projects\Password\Password\Debug\link.5148-rc.read.1.tlog
C:\Users\Vicky\Documents\Visual Studio 2012\Projects\Password\Password\Debug\link.5148-rc.write.1.tlog
C:\Users\Vicky\Documents\Visual Studio 2012\Projects\Password\Password\Debug\link.5148.read.1.tlog
C:\Users\Vicky\Documents\Visual Studio 2012\Projects\Password\Password\Debug\link.5148.write.1.tlog
C:\Users\Vicky\Documents\Visual Studio 2012\Projects\Password\Password\Debug\link.5652-cvtres.read.1.tlog
C:\Users\Vicky\Documents\Visual Studio 2012\Projects\Password\Password\Debug\link.5652-cvtres.write.1.tlog
C:\Users\Vicky\Documents\Visual Studio 2012\Projects\Password\Password\Debug\link.5652-rc.read.1.tlog
C:\Users\Vicky\Documents\Visual Studio 2012\Projects\Password\Password\Debug\link.5652-rc.write.1.tlog
C:\Users\Vicky\Documents\Visual Studio 2012\Projects\Password\Password\Debug\link.5652.read.1.tlog
C:\Users\Vicky\Documents\Visual Studio 2012\Projects\Password\Password\Debug\link.5652.write.1.tlog
C:\Users\Vicky\Documents\Visual Studio 2012\Projects\Password\Password\Debug\link.command.1.tlog
C:\Users\Vicky\Documents\Visual Studio 2012\Projects\Password\Password\Debug\link.read.1.tlog
C:\Users\Vicky\Documents\Visual Studio 2012\Projects\Password\Password\Debug\link.write.1.tlog
C:\Users\Vicky\Documents\Visual Studio 2012\Projects\Password\Password\Debug\metagen.read.1.tlog
C:\Users\Vicky\Documents\Visual Studio 2012\Projects\Password\Password\Debug\metagen.write.1.tlog
C:\Users\Vicky\Documents\Visual Studio 2012\Projects\Password\Password\Debug\Password.write.1.tlog
C:\Users\Vicky\Documents\Visual Studio 2012\Projects\Password\Password\Debug\vc110.pdb
C:\Users\Vicky\Documents\Visual Studio 2012\Projects\Password\Password\Debug\RSAENH.DLL.bi
C:\Users\Vicky\Documents\Visual Studio 2012\Projects\Password\Password\Debug\TZRES.DLL.bi
C:\Users\Vicky\Documents\Visual Studio 2012\Projects\Password\Debug\Password.pdb
C:\Users\Vicky\Documents\Visual Studio 2012\Projects\Password\Debug\Password.exe
C:\Users\Vicky\Documents\Visual Studio 2012\Projects\Password\Debug\Password.ilk
